<?xml version="1.0" encoding="UTF-8"?>
<!-- Generated by org.testng.reporters.JUnitReportReporter -->
<testsuite hostname="DESKTOP-22NPMJL" failures="0" tests="3" name="alert.alert" time="43.527" errors="0" timestamp="2022-05-16T15:25:53 ICT" skipped="0">
  <testcase classname="alert.alert" name="TestAlert02" time="15.877"/>
  <system-out/>
  <testcase classname="alert.alert" name="TestAlert03" time="20.817"/>
  <system-out/>
  <testcase classname="alert.alert" name="alert" time="6.833"/>
  <system-out/>
</testsuite> <!-- alert.alert -->
