<?xml version="1.0" encoding="UTF-8"?>
<!-- Generated by org.testng.reporters.JUnitReportReporter -->
<testsuite hostname="DESKTOP-22NPMJL" failures="0" tests="2" name="actions_robot.NewTest" time="15.004" errors="0" timestamp="2022-05-16T14:42:38 ICT" skipped="0">
  <testcase classname="actions_robot.NewTest" name="robot" time="9.179"/>
  <system-out/>
  <testcase classname="actions_robot.NewTest" name="actions" time="5.825"/>
  <system-out/>
</testsuite> <!-- actions_robot.NewTest -->
