<?xml version="1.0" encoding="UTF-8"?>
<!-- Generated by org.testng.reporters.JUnitReportReporter -->
<testsuite hostname="DESKTOP-22NPMJL" failures="0" tests="1" name="popup.popup" time="11.753" errors="0" timestamp="2022-05-16T15:49:45 ICT" skipped="0">
  <testcase classname="popup.popup" name="TestPopup01" time="11.753"/>
  <system-out/>
</testsuite> <!-- popup.popup -->
