<?xml version="1.0" encoding="UTF-8"?>
<!-- Generated by org.testng.reporters.JUnitReportReporter -->
<testsuite skipped="0" hostname="DESKTOP-22NPMJL" name="first.NewTest" tests="1" failures="0" timestamp="10 thg 5 2022 04:03:39 GMT" time="9.792" errors="0">
  <testcase name="f" time="9.792" classname="first.NewTest"/>
</testsuite> <!-- first.NewTest -->
