<?xml version="1.0" encoding="UTF-8"?>
<!-- Generated by org.testng.reporters.JUnitReportReporter -->
<testsuite hostname="DESKTOP-22NPMJL" failures="0" tests="4" name="com.bankguru.user.Level_4" time="10.678" errors="0" timestamp="2022-05-27T15:41:11 ICT" skipped="0">
  <testcase classname="com.bankguru.user.Level_4" name="TC_01_registerPage" time="4.641"/>
  <system-out/>
  <testcase classname="com.bankguru.user.Level_4" name="TC_02_loginPage" time="2.330"/>
  <system-out/>
  <testcase classname="com.bankguru.user.Level_4" name="TC_03_newCustomerPage" time="2.115"/>
  <system-out/>
  <testcase classname="com.bankguru.user.Level_4" name="TC_04_loginPage" time="1.592"/>
  <system-out/>
</testsuite> <!-- com.bankguru.user.Level_4 -->
