<?xml version="1.0" encoding="UTF-8"?>
<!-- Generated by org.testng.reporters.JUnitReportReporter -->
<testsuite hostname="DESKTOP-22NPMJL" failures="0" tests="2" name="com.bankguru.user.Level_3" time="6.291" errors="0" timestamp="2022-05-27T14:36:02 ICT" skipped="0">
  <testcase classname="com.bankguru.user.Level_3" name="register" time="4.358"/>
  <system-out/>
  <testcase classname="com.bankguru.user.Level_3" name="loginPage" time="1.933"/>
  <system-out/>
</testsuite> <!-- com.bankguru.user.Level_3 -->
