<?xml version="1.0" encoding="UTF-8"?>
<!-- Generated by org.testng.reporters.JUnitReportReporter -->
<testsuite hostname="DESKTOP-22NPMJL" failures="0" tests="2" name="com.bankguru.user.Level_2" time="0.000" errors="0" timestamp="2022-05-27T09:47:30 ICT" skipped="2">
  <testcase classname="com.bankguru.user.Level_2" name="register" time="0.000">
    <skipped/>
  </testcase> <!-- register -->
  <system-out/>
  <testcase classname="com.bankguru.user.Level_2" name="loginPage" time="0.000">
    <skipped/>
  </testcase> <!-- loginPage -->
  <system-out/>
</testsuite> <!-- com.bankguru.user.Level_2 -->
