<?xml version="1.0" encoding="UTF-8"?>
<!-- Generated by org.testng.reporters.JUnitReportReporter -->
<testsuite hostname="DESKTOP-22NPMJL" failures="0" tests="2" name="com.bankguru.user.Level_1" time="8.026" errors="0" timestamp="2022-05-27T09:22:42 ICT" skipped="0">
  <testcase classname="com.bankguru.user.Level_1" name="register" time="5.682"/>
  <system-out/>
  <testcase classname="com.bankguru.user.Level_1" name="loginPage" time="2.344"/>
  <system-out/>
</testsuite> <!-- com.bankguru.user.Level_1 -->
