<?xml version="1.0" encoding="UTF-8"?>
<!-- Generated by org.testng.reporters.JUnitReportReporter -->
<testsuite hostname="DESKTOP-22NPMJL" failures="0" tests="2" name="newTest.NewTest" time="19.193" errors="0" timestamp="2022-05-10T14:05:28 ICT" skipped="0">
  <testcase classname="newTest.NewTest" name="c" time="10.413"/>
  <system-out/>
  <testcase classname="newTest.NewTest" name="f" time="8.780"/>
  <system-out/>
</testsuite> <!-- newTest.NewTest -->
