<?xml version="1.0" encoding="UTF-8"?>
<!-- Generated by org.testng.reporters.JUnitReportReporter -->
<testsuite hostname="DESKTOP-22NPMJL" failures="0" tests="2" name="secondpackage.firstclass" time="0.010" errors="0" timestamp="2022-05-10T16:44:49 ICT" skipped="0">
  <testcase classname="secondpackage.firstclass" name="firstMethod" time="0.009"/>
  <system-out/>
  <testcase classname="secondpackage.firstclass" name="secondMethod" time="0.001"/>
  <system-out/>
</testsuite> <!-- secondpackage.firstclass -->
