<?xml version="1.0" encoding="UTF-8"?>
<!-- Generated by org.testng.reporters.JUnitReportReporter -->
<testsuite hostname="DESKTOP-22NPMJL" failures="0" tests="2" name="secondpackage.secondclass" time="0.002" errors="0" timestamp="2022-05-10T15:47:08 ICT" skipped="0">
  <testcase classname="secondpackage.secondclass" name="firstMethod" time="0.001"/>
  <system-out/>
  <testcase classname="secondpackage.secondclass" name="secondMethod" time="0.001"/>
  <system-out/>
</testsuite> <!-- secondpackage.secondclass -->
