<?xml version="1.0" encoding="UTF-8"?>
<!-- Generated by org.testng.reporters.JUnitReportReporter -->
<testsuite hostname="DESKTOP-22NPMJL" failures="0" tests="2" name="firstpackage.firstclass" time="0.001" errors="0" timestamp="2022-05-10T16:44:49 ICT" skipped="0">
  <testcase classname="firstpackage.firstclass" name="secondMethod" time="0.001"/>
  <system-out/>
  <testcase classname="firstpackage.firstclass" name="firstMethod" time="0.000"/>
  <system-out/>
</testsuite> <!-- firstpackage.firstclass -->
