<?xml version="1.0" encoding="UTF-8"?>
<!-- Generated by org.testng.reporters.JUnitReportReporter -->
<testsuite hostname="DESKTOP-22NPMJL" failures="0" tests="4" name="testChau.NewTest" time="13.279" errors="0" timestamp="2022-05-11T14:48:21 ICT" skipped="0">
  <testcase classname="testChau.NewTest" name="Tc_03_Navigation" time="5.477"/>
  <system-out/>
  <testcase classname="testChau.NewTest" name="Tc_01_Url" time="4.306"/>
  <system-out/>
  <testcase classname="testChau.NewTest" name="Tc_02_Title" time="1.684"/>
  <system-out/>
  <testcase classname="testChau.NewTest" name="Tc_04_Page_Source" time="1.812"/>
  <system-out/>
</testsuite> <!-- testChau.NewTest -->
