<?xml version="1.0" encoding="UTF-8"?>
<!-- Generated by org.testng.reporters.JUnitReportReporter -->
<testsuite skipped="0" hostname="DESKTOP-22NPMJL" name="FirstTestNGFile" tests="3" failures="0" timestamp="05 thg 5 2022 06:59:05 GMT" time="0.009" errors="0">
  <testcase name="Three" time="0.001" classname="FirstTestNGFile"/>
  <testcase name="Two" time="0.000" classname="FirstTestNGFile"/>
  <testcase name="One" time="0.008" classname="FirstTestNGFile"/>
</testsuite> <!-- FirstTestNGFile -->
